app/build/outputs/logs/manifest-merger-release-report.txt
-- Merging decision tree log ---
manifest
ADDED from src\main\AndroidManifest.xml:2:1-22:12
	package
		ADDED from src\main\AndroidManifest.xml:2:120-155
		INJECTED from src\main\AndroidManifest.xml
		INJECTED from src\main\AndroidManifest.xml
	android:versionName
		ADDED from src\main\AndroidManifest.xml:2:94-119
		INJECTED from src\main\AndroidManifest.xml
		INJECTED from src\main\AndroidManifest.xml
	android:versionCode
		ADDED from src\main\AndroidManifest.xml:2:70-93
		INJECTED from src\main\AndroidManifest.xml
		INJECTED from src\main\AndroidManifest.xml
	xmlns:android
		ADDED from src\main\AndroidManifest.xml:2:11-69
uses-permission#android.permission.INTERNET
ADDED from src\main\AndroidManifest.xml:3:5-66
	android:name
		ADDED from src\main\AndroidManifest.xml:3:22-64
uses-permission#android.permission.ACCESS_NETWORK_STATE
ADDED from src\main\AndroidManifest.xml:4:5-78
	android:name
		ADDED from src\main\AndroidManifest.xml:4:22-76
uses-permission#android.permission.WRITE_EXTERNAL_STORAGE
ADDED from src\main\AndroidManifest.xml:5:5-81
	android:name
		ADDED from src\main\AndroidManifest.xml:5:22-78
uses-permission#com.android.vending.BILLING
ADDED from src\main\AndroidManifest.xml:6:5-67
	android:name
		ADDED from src\main\AndroidManifest.xml:6:22-64
application
ADDED from src\main\AndroidManifest.xml:7:5-19:19
	android:label
		ADDED from src\main\AndroidManifest.xml:7:58-90
	android:icon
		ADDED from src\main\AndroidManifest.xml:7:18-57
	android:largeHeap
		ADDED from src\main\AndroidManifest.xml:7:91-115
meta-data#com.google.android.gms.version
ADDED from src\main\AndroidManifest.xml:8:10-122
	android:value
		ADDED from src\main\AndroidManifest.xml:8:67-120
	android:name
		ADDED from src\main\AndroidManifest.xml:8:21-66
activity#com.darkfig.chickenfunrun.MainActivity
ADDED from src\main\AndroidManifest.xml:9:9-14:20
	android:screenOrientation
		ADDED from src\main\AndroidManifest.xml:9:113-149
	android:label
		ADDED from src\main\AndroidManifest.xml:9:19-51
	android:launchMode
		ADDED from src\main\AndroidManifest.xml:9:52-83
	android:name
		ADDED from src\main\AndroidManifest.xml:9:84-112
intent-filter#android.intent.action.MAIN+android.intent.category.LAUNCHER
ADDED from src\main\AndroidManifest.xml:10:13-13:29
action#android.intent.action.MAIN
ADDED from src\main\AndroidManifest.xml:11:17-68
	android:name
		ADDED from src\main\AndroidManifest.xml:11:25-66
category#android.intent.category.LAUNCHER
ADDED from src\main\AndroidManifest.xml:12:17-76
	android:name
		ADDED from src\main\AndroidManifest.xml:12:27-74
activity#com.google.android.gms.ads.AdActivity
ADDED from src\main\AndroidManifest.xml:16:5-18:64
	android:configChanges
		ADDED from src\main\AndroidManifest.xml:17:13-122
	android:theme
		ADDED from src\main\AndroidManifest.xml:18:13-61
	android:name
		ADDED from src\main\AndroidManifest.xml:16:15-67
uses-sdk
ADDED from src\main\AndroidManifest.xml:20:5-43
	android:targetSdkVersion
		INJECTED from src\main\AndroidManifest.xml
		INJECTED from src\main\AndroidManifest.xml
	android:minSdkVersion
		ADDED from src\main\AndroidManifest.xml:20:15-41
		INJECTED from src\main\AndroidManifest.xml
		INJECTED from src\main\AndroidManifest.xml
supports-screens
ADDED from src\main\AndroidManifest.xml:21:5-135
	android:largeScreens
		ADDED from src\main\AndroidManifest.xml:21:49-76
	android:smallScreens
		ADDED from src\main\AndroidManifest.xml:21:106-133
	android:normalScreens
		ADDED from src\main\AndroidManifest.xml:21:77-105
	android:anyDensity
		ADDED from src\main\AndroidManifest.xml:21:23-48